\BOOKMARK [1][-]{section.1}{Relativit\344t nach Newtonscher Physik}{}% 1
\BOOKMARK [2][-]{subsection.1.1}{Bezugssystem}{section.1}% 2
\BOOKMARK [2][-]{subsection.1.2}{Wechsel von Bezugssystemen}{section.1}% 3
\BOOKMARK [2][-]{subsection.1.3}{Minkoswsky Raumzeit diargamme}{section.1}% 4
\BOOKMARK [1][-]{section.2}{spezielle Relativit\344t}{}% 5
\BOOKMARK [2][-]{subsection.2.1}{Herleitung}{section.2}% 6
\BOOKMARK [2][-]{subsection.2.2}{transformation zwischen Bezubssytemen}{section.2}% 7
\BOOKMARK [2][-]{subsection.2.3}{Raumzeititnervall als erhaltene Gr\366\337e}{section.2}% 8
\BOOKMARK [2][-]{subsection.2.4}{Implikationen}{section.2}% 9
\BOOKMARK [2][-]{subsection.2.5}{Einchr\344nkungen dieses Modells}{section.2}% 10
\BOOKMARK [1][-]{section.3}{Programm}{}% 11
\BOOKMARK [2][-]{subsection.3.1}{Nutzung}{section.3}% 12
\BOOKMARK [2][-]{subsection.3.2}{Button}{section.3}% 13
\BOOKMARK [3][-]{subsubsection.3.2.1}{Methoden}{subsection.3.2}% 14
\BOOKMARK [2][-]{subsection.3.3}{Input}{section.3}% 15
\BOOKMARK [3][-]{subsubsection.3.3.1}{Methoden}{subsection.3.3}% 16
\BOOKMARK [2][-]{subsection.3.4}{Box}{section.3}% 17
\BOOKMARK [3][-]{subsubsection.3.4.1}{Methoden}{subsection.3.4}% 18
\BOOKMARK [2][-]{subsection.3.5}{Obj}{section.3}% 19
\BOOKMARK [3][-]{subsubsection.3.5.1}{Methoden}{subsection.3.5}% 20
\BOOKMARK [2][-]{subsection.3.6}{Funktionen}{section.3}% 21
\BOOKMARK [1][-]{section.4}{Quellen}{}% 22
\BOOKMARK [1][-]{section.5}{Notizen}{}% 23
